# Server version 0.08 running on wpa070049.wireless.mcgill.ca:8123
# Game ID: 155
# Board class: halma.CCBoard
# Timeout: 300000
# Date: Sun Apr 06 18:11:22 EDT 2014
# Player 1: Player-0, '111111111', running on localhost
# Player 2: Player-1, 'random', running on wpa070049.wireless.mcgill.ca
# Player 3: Player-2, 'random', running on wpa070049.wireless.mcgill.ca
# Player 4: Player-3, '111111111', running on localhost
START Player-0 111111111
START Player-1 random
START Player-2 random
START Player-3 111111111
0 (0,2) (2,4)
0 null null
1 (14,2) (12,2)
1 null null
2 (1,14) (3,12)
2 (3,12) (1,14)
2 null null
3 (15,13) (13,11)
3 null null
GAMEOVER USER CANCEL
UNDECIDED
# Game ended: Sun Apr 06 18:12:03 EDT 2014
