# Server version 0.08 running on wpa070026.wireless.mcgill.ca:8123
# Game ID: 45
# Board class: halma.CCBoard
# Timeout: 300000
# Date: Tue Apr 01 14:30:55 EDT 2014
# Player 1: Player-0, 'random', running on wpa070026.wireless.mcgill.ca
# Player 2: Player-1, 'random', running on wpa070026.wireless.mcgill.ca
# Player 3: Player-2, 'random', running on wpa070026.wireless.mcgill.ca
# Player 4: Player-3, '260469756', running on localhost
START Player-0 random
START Player-1 random
START Player-2 random
START Player-3 260469756
0 (1,1) (3,3)
0 null null
1 (12,0) (12,2)
1 null null
2 (2,13) (4,15)
2 (4,15) (2,13)
2 null null
3 (14,14) (12,12)
3 null null
0 (0,1) (2,3)
0 (2,3) (0,1)
0 null null
1 (13,1) (11,1)
1 null null
2 (3,15) (3,13)
2 null null
3 (13,13) (11,11)
3 null null
0 (0,3) (2,3)
0 (2,3) (4,3)
0 (4,3) (2,3)
0 (2,3) (4,3)
0 (4,3) (2,3)
0 (2,3) (4,3)
0 (4,3) (2,3)
0 (2,3) (0,3)
0 (0,3) (2,3)
0 (2,3) (4,3)
0 null null
1 (13,2) (13,3)
2 (0,12) (1,11)
3 (14,15) (12,13)
3 (12,13) (12,11)
GAMEOVER ILLEGAL MOVE: Player 3 move from (N,13) to (L,13)
WINNER Player-1
# Game ended: Tue Apr 01 14:30:56 EDT 2014
