# Server version 0.08 running on 192.168.1.103:8123
# Game ID: 125
# Board class: halma.CCBoard
# Timeout: 300000
# Date: Sat Apr 05 23:41:17 EDT 2014
# Player 1: Player-0, '111111111', running on localhost
# Player 2: Player-1, '111111111', running on localhost
# Player 3: Player-2, '111111111', running on localhost
# Player 4: Player-3, '111111111', running on localhost
START Player-0 111111111
START Player-1 111111111
START Player-2 111111111
START Player-3 111111111
0 (1,1) (3,3)
0 null null
1 (14,1) (12,3)
1 null null
GAMEOVER USER CANCEL
UNDECIDED
# Game ended: Sat Apr 05 23:43:08 EDT 2014
