# Server version 0.08 running on 192.168.1.104:8123
# Game ID: 15
# Board class: halma.CCBoard
# Timeout: 300000
# Date: Sun Mar 30 14:45:14 EDT 2014
# Player 1: Player-0, 'random', running on 192.168.1.104
# Player 2: Player-1, 'random', running on 192.168.1.104
# Player 3: Player-2, 'random', running on 192.168.1.104
# Player 4: Player-3, '260469756', running on localhost
START Player-0 random
START Player-1 random
START Player-2 random
START Player-3 260469756
0 (1,3) (2,4)
1 (12,1) (12,2)
2 (1,12) (2,12)
3 (14,14) (12,12)
3 null null
0 (0,2) (0,4)
0 (0,4) (0,2)
0 (0,2) (0,4)
0 null null
1 (12,0) (11,1)
2 (1,14) (3,12)
2 (3,12) (1,12)
2 null null
GAMEOVER USER CANCEL
UNDECIDED
# Game ended: Sun Mar 30 14:47:49 EDT 2014
