# Server version 0.08 running on 192.168.1.104:8123
# Game ID: 20
# Board class: halma.CCBoard
# Timeout: 300000
# Date: Sun Mar 30 14:58:24 EDT 2014
# Player 1: Player-0, 'random', running on 192.168.1.104
# Player 2: Player-1, 'random', running on 192.168.1.104
# Player 3: Player-2, 'random', running on 192.168.1.104
# Player 4: Player-3, '260469756', running on localhost
START Player-0 random
START Player-1 random
START Player-2 random
START Player-3 260469756
0 (3,0) (4,1)
1 (13,0) (11,2)
1 null null
2 (1,12) (2,12)
3 (14,14) (12,12)
3 null null
0 (4,1) (3,2)
1 (13,2) (15,4)
1 (15,4) (13,2)
1 (13,2) (15,4)
1 null null
2 (1,15) (3,13)
2 (3,13) (1,15)
2 null null
GAMEOVER USER CANCEL
UNDECIDED
