# Server version 0.08 running on wpa070026.wireless.mcgill.ca:8123
# Game ID: 43
# Board class: halma.CCBoard
# Timeout: 300000
# Date: Tue Apr 01 14:20:23 EDT 2014
# Player 1: Player-0, 'random', running on wpa070026.wireless.mcgill.ca
# Player 2: Player-1, 'random', running on wpa070026.wireless.mcgill.ca
# Player 3: Player-2, 'random', running on wpa070026.wireless.mcgill.ca
# Player 4: Player-3, '260469756', running on localhost
START Player-0 random
START Player-1 random
START Player-2 random
START Player-3 260469756
0 (3,0) (4,0)
1 (12,0) (12,2)
1 null null
2 (1,13) (3,13)
2 null null
3 (14,14) (12,12)
3 null null
0 (2,1) (4,1)
0 (4,1) (2,1)
0 null null
1 (13,0) (11,2)
1 (11,2) (13,0)
1 (13,0) (11,2)
1 null null
2 (0,13) (2,11)
2 null null
3 (13,13) (11,11)
3 null null
0 (3,1) (3,2)
1 (13,2) (11,0)
1 null null
2 (2,11) (3,10)
GAMEOVER USER CANCEL
UNDECIDED
# Game ended: Tue Apr 01 14:20:36 EDT 2014
