# Server version 0.08 running on 192.168.1.104:8123
# Game ID: 66
# Board class: halma.CCBoard
# Timeout: 300000
# Date: Tue Apr 01 20:55:56 EDT 2014
# Player 1: Player-0, 'random', running on 192.168.1.104
# Player 2: Player-1, 'random', running on 192.168.1.104
# Player 3: Player-2, 'random', running on 192.168.1.104
# Player 4: Player-3, '260469756', running on localhost
START Player-0 random
START Player-1 random
START Player-2 random
START Player-3 260469756
0 (1,1) (3,3)
0 (3,3) (1,1)
0 (1,1) (3,3)
0 (3,3) (1,1)
0 (1,1) (3,3)
0 null null
1 (14,3) (13,3)
2 (1,13) (1,11)
2 null null
3 (14,14) (12,12)
3 null null
0 (1,0) (1,1)
1 (13,3) (13,4)
2 (3,15) (1,13)
2 (1,13) (3,13)
2 (3,13) (1,13)
2 (1,13) (3,13)
2 null null
GAMEOVER ILLEGAL MOVE: Player 3 move from (N,13) to (L,13)
WINNER Player-1
# Game ended: Tue Apr 01 20:55:56 EDT 2014
