# Server version 0.08 running on 192.168.1.104:8123
# Game ID: 72
# Board class: halma.CCBoard
# Timeout: 300000
# Date: Tue Apr 01 22:05:15 EDT 2014
# Player 1: Player-0, 'random', running on 192.168.1.104
# Player 2: Player-1, 'random', running on 192.168.1.104
# Player 3: Player-2, 'random', running on 192.168.1.104
# Player 4: Player-3, '260469756', running on localhost
START Player-0 random
START Player-1 random
START Player-2 random
START Player-3 260469756
0 (1,1) (3,3)
0 null null
1 (15,2) (15,4)
1 (15,4) (15,2)
1 null null
2 (1,13) (2,12)
3 (14,14) (12,12)
3 null null
0 (2,1) (2,3)
0 (2,3) (4,3)
0 null null
1 (15,3) (13,3)
1 null null
2 (1,14) (3,12)
2 null null
3 (14,15) (12,13)
3 (12,13) (14,15)
3 (14,15) (12,13)
3 (12,13) (12,11)
3 null null
0 (0,3) (0,4)
1 (12,0) (11,0)
2 (3,12) (1,14)
2 (1,14) (3,12)
2 (3,12) (1,14)
2 (1,14) (3,12)
2 null null
3 (15,14) (13,12)
3 (13,12) (15,14)
3 (15,14) (13,12)
3 (13,12) (11,10)
GAMEOVER ILLEGAL MOVE: Player 3 move from (M,14) to (M,12)
WINNER Player-1
