# Server version 0.08 running on 192.168.1.104:8123
# Game ID: 74
# Board class: halma.CCBoard
# Timeout: 300000
# Date: Tue Apr 01 22:18:34 EDT 2014
# Player 1: Player-0, 'Human', running on 192.168.1.104
# Player 2: Player-1, 'Human', running on 192.168.1.104
# Player 3: Player-2, 'Human', running on 192.168.1.104
# Player 4: Player-3, 'Human', running on 192.168.1.104
START Player-0 Human
START Player-1 Human
START Player-2 Human
START Player-3 Human
0 (3,1) (4,1)
1 (14,1) (12,3)
1 (12,3) (14,1)
1 null null
2 (1,14) (3,12)
2 (3,12) (1,14)
2 (1,14) (3,12)
2 null null
3 (14,14) (12,12)
3 null null
0 (2,1) (2,3)
0 null null
1 (14,1) (12,3)
1 null null
2 (0,13) (2,11)
2 (2,11) (4,13)
2 (4,13) (2,11)
2 (2,11) (4,13)
2 (4,13) (2,11)
