# Server version 0.08 running on 192.168.1.104:8123
# Game ID: 71
# Board class: halma.CCBoard
# Timeout: 300000
# Date: Tue Apr 01 21:56:39 EDT 2014
# Player 1: Player-0, '260469756', running on localhost
# Player 2: Player-1, 'random', running on 192.168.1.104
# Player 3: Player-2, 'random', running on 192.168.1.104
# Player 4: Player-3, 'random', running on 192.168.1.104
START Player-0 260469756
START Player-1 random
START Player-2 random
START Player-3 random
0 (0,1) (2,3)
0 null null
1 (13,0) (11,2)
1 (11,2) (13,0)
1 (13,0) (11,2)
1 null null
2 (2,13) (4,15)
2 null null
3 (14,13) (12,13)
3 (12,13) (14,13)
3 (14,13) (14,11)
3 (14,11) (14,13)
3 null null
GAMEOVER USER CANCEL
UNDECIDED
# Game ended: Tue Apr 01 21:56:50 EDT 2014
