# Server version 0.08 running on 192.168.1.104:8123
# Game ID: 70
# Board class: halma.CCBoard
# Timeout: 300000
# Date: Tue Apr 01 21:49:18 EDT 2014
# Player 1: Player-0, 'random', running on 192.168.1.104
# Player 2: Player-1, 'random', running on 192.168.1.104
# Player 3: Player-2, 'random', running on 192.168.1.104
# Player 4: Player-3, '260469756', running on localhost
START Player-0 random
START Player-1 random
START Player-2 random
START Player-3 260469756
0 (3,1) (3,2)
1 (12,0) (11,0)
2 (2,13) (3,12)
3 (14,14) (12,12)
3 null null
0 (1,1) (3,1)
0 (3,1) (1,1)
0 (1,1) (3,1)
0 (3,1) (3,3)
0 (3,3) (3,1)
0 (3,1) (1,1)
0 (1,1) (3,3)
0 (3,3) (1,1)
0 null null
1 (13,0) (11,2)
1 null null
2 (0,12) (1,11)
3 (14,15) (12,13)
3 (12,13) (12,11)
3 null null
0 (1,1) (3,1)
0 (3,1) (1,1)
0 (1,1) (3,3)
0 (3,3) (1,1)
0 null null
1 (14,2) (13,3)
2 (1,11) (2,11)
GAMEOVER USER CANCEL
UNDECIDED
# Game ended: Tue Apr 01 21:50:54 EDT 2014
