# Server version 0.08 running on wpa070026.wireless.mcgill.ca:8123
# Game ID: 44
# Board class: halma.CCBoard
# Timeout: 300000
# Date: Tue Apr 01 14:21:26 EDT 2014
# Player 1: Player-0, 'random', running on wpa070026.wireless.mcgill.ca
# Player 2: Player-1, 'random', running on wpa070026.wireless.mcgill.ca
# Player 3: Player-2, 'random', running on wpa070026.wireless.mcgill.ca
# Player 4: Player-3, '260469756', running on localhost
START Player-0 random
START Player-1 random
START Player-2 random
START Player-3 260469756
0 (1,1) (3,3)
0 (3,3) (1,1)
0 (1,1) (3,3)
0 null null
1 (13,2) (12,2)
2 (2,13) (0,11)
2 (0,11) (2,13)
2 null null
3 (14,14) (12,12)
3 null null
0 (1,3) (1,1)
0 null null
1 (12,1) (12,3)
1 (12,3) (12,1)
1 null null
2 (2,15) (4,13)
2 null null
3 (13,13) (11,11)
3 null null
0 (0,3) (1,3)
1 (15,2) (15,4)
1 (15,4) (15,2)
1 (15,2) (15,4)
1 null null
2 (3,15) (3,13)
2 null null
GAMEOVER USER CANCEL
UNDECIDED
# Game ended: Tue Apr 01 14:21:32 EDT 2014
