# Server version 0.08 running on wpa070049.wireless.mcgill.ca:8123
# Game ID: 154
# Board class: halma.CCBoard
# Timeout: 300000
# Date: Sun Apr 06 18:09:59 EDT 2014
# Player 1: Player-0, '111111111', running on localhost
# Player 2: Player-1, 'random', running on wpa070049.wireless.mcgill.ca
# Player 3: Player-2, 'random', running on wpa070049.wireless.mcgill.ca
# Player 4: Player-3, '111111111', running on localhost
START Player-0 111111111
START Player-1 random
START Player-2 random
START Player-3 111111111
0 (2,2) (3,3)
1 (13,2) (12,2)
2 (1,13) (1,11)
2 null null
3 (14,14) (12,12)
3 null null
GAMEOVER USER CANCEL
UNDECIDED
# Game ended: Sun Apr 06 18:11:08 EDT 2014
