# Server version 0.08 running on 192.168.1.104:8123
# Game ID: 68
# Board class: halma.CCBoard
# Timeout: 300000
# Date: Tue Apr 01 21:05:09 EDT 2014
# Player 1: Player-0, 'random', running on 192.168.1.104
# Player 2: Player-1, 'random', running on 192.168.1.104
# Player 3: Player-2, 'random', running on 192.168.1.104
# Player 4: Player-3, '260469756', running on localhost
START Player-0 random
START Player-1 random
START Player-2 random
START Player-3 260469756
0 (1,3) (2,4)
1 (14,3) (15,4)
2 (1,14) (3,12)
2 null null
3 (14,14) (12,12)
GAMEOVER ILLEGAL MOVE: Player 3 move from (N,14) to (L,16)
WINNER Player-1
# Game ended: Tue Apr 01 21:05:09 EDT 2014
