# Server version 0.08 running on 192.168.1.104:8123
# Game ID: 75
# Board class: halma.CCBoard
# Timeout: 300000
# Date: Tue Apr 01 23:32:57 EDT 2014
# Player 1: Player-0, 'random', running on 192.168.1.104
# Player 2: Player-1, 'random', running on 192.168.1.104
# Player 3: Player-2, 'random', running on 192.168.1.104
# Player 4: Player-3, '260469756', running on localhost
START Player-0 random
START Player-1 random
START Player-2 random
START Player-3 260469756
0 (1,3) (2,4)
1 (14,0) (12,2)
1 (12,2) (14,0)
1 null null
2 (1,13) (3,13)
2 null null
GAMEOVER USER CANCEL
UNDECIDED
# Game ended: Tue Apr 01 23:36:00 EDT 2014
