# Server version 0.08 running on wpa070049.wireless.mcgill.ca:8123
# Game ID: 157
# Board class: halma.CCBoard
# Timeout: 300000
# Date: Sun Apr 06 18:13:56 EDT 2014
# Player 1: Player-0, '111111111', running on localhost
# Player 2: Player-1, 'random', running on wpa070049.wireless.mcgill.ca
# Player 3: Player-2, 'random', running on wpa070049.wireless.mcgill.ca
# Player 4: Player-3, '111111111', running on localhost
START Player-0 111111111
START Player-1 random
START Player-2 random
START Player-3 111111111
0 (1,1) (3,3)
0 null null
1 (14,2) (14,4)
1 null null
2 (1,15) (3,13)
2 (3,13) (1,15)
2 null null
3 (14,14) (12,12)
3 null null
0 (1,0) (3,2)
0 (3,2) (3,4)
0 null null
1 (14,4) (15,4)
2 (0,12) (0,11)
3 (15,14) (13,12)
3 (13,12) (11,12)
3 null null
0 (0,1) (2,3)
0 (2,3) (4,5)
0 null null
1 (13,2) (12,2)
2 (2,15) (4,13)
2 null null
3 (14,15) (12,13)
3 (12,13) (10,11)
3 null null
0 (0,2) (2,4)
0 (2,4) (4,4)
0 (4,4) (4,6)
0 null null
1 (15,3) (14,2)
2 (3,15) (2,15)
3 (15,13) (13,11)
3 (13,11) (11,13)
3 (11,13) (11,11)
3 (11,11) (9,11)
3 null null
0 (2,0) (4,2)
0 (4,2) (2,4)
0 (2,4) (4,4)
0 null null
1 (14,3) (13,2)
2 (2,15) (3,15)
3 (13,15) (11,13)
3 (11,13) (11,11)
3 null null
0 (3,3) (5,5)
0 (5,5) (3,5)
0 (3,5) (5,7)
0 null null
1 (15,4) (15,3)
2 (3,14) (4,15)
3 (12,12) (10,10)
3 (10,10) (10,12)
3 (10,12) (8,10)
3 null null
0 (1,3) (1,1)
0 (1,1) (3,3)
0 (3,3) (5,5)
0 null null
1 (13,0) (11,0)
1 (11,0) (13,0)
1 (13,0) (11,0)
1 null null
2 (1,12) (1,11)
3 (14,12) (14,14)
3 (14,14) (12,12)
3 (12,12) (10,10)
3 null null
0 (4,4) (6,6)
0 null null
1 (12,2) (11,2)
2 (4,13) (5,13)
3 (11,11) (9,9)
3 null null
0 (3,4) (5,6)
0 (5,6) (7,6)
0 null null
1 (13,2) (14,3)
2 (1,11) (1,10)
3 (11,12) (9,10)
3 (9,10) (9,8)
3 null null
0 (4,5) (6,5)
0 (6,5) (8,7)
0 (8,7) (10,9)
0 null null
1 (14,2) (13,2)
2 (0,13) (0,12)
3 (10,10) (10,8)
3 (10,8) (8,8)
3 null null
0 (5,5) (7,7)
0 null null
1 (11,2) (10,1)
2 (2,13) (3,12)
3 (10,11) (8,11)
3 (8,11) (8,9)
3 (8,9) (8,7)
3 (8,7) (6,7)
3 (6,7) (4,7)
3 (4,7) (4,5)
3 null null
0 (3,1) (1,1)
0 (1,1) (3,3)
0 null null
1 (13,2) (13,0)
1 (13,0) (13,2)
1 (13,2) (13,0)
1 (13,0) (13,2)
1 (13,2) (13,0)
1 (13,0) (13,2)
1 (13,2) (15,4)
1 (15,4) (13,2)
1 (13,2) (13,0)
1 (13,0) (13,2)
1 null null
2 (1,13) (2,13)
3 (9,11) (7,9)
3 (7,9) (9,7)
3 null null
0 (4,6) (6,8)
0 (6,8) (8,6)
0 (8,6) (10,8)
0 (10,8) (10,10)
0 null null
1 (13,2) (13,0)
1 (13,0) (11,2)
1 (11,2) (9,0)
1 null null
2 (1,14) (1,13)
3 (8,10) (10,8)
3 (10,8) (8,6)
3 (8,6) (6,8)
3 (6,8) (4,6)
3 (4,6) (4,4)
3 null null
0 (1,2) (3,2)
0 (3,2) (3,4)
0 (3,4) (5,6)
0 (5,6) (5,8)
0 null null
1 (11,0) (10,0)
2 (1,13) (1,14)
3 (8,8) (10,8)
3 (10,8) (8,6)
3 (8,6) (6,8)
3 (6,8) (4,6)
3 null null
0 (3,0) (1,2)
0 (1,2) (3,2)
0 (3,2) (3,4)
0 (3,4) (5,6)
0 null null
1 (14,3) (13,2)
2 (3,12) (4,13)
3 (4,5) (4,3)
3 (4,3) (2,3)
3 null null
0 (3,3) (5,5)
0 null null
1 (15,0) (13,0)
1 (13,0) (11,2)
1 (11,2) (13,0)
1 (13,0) (11,0)
1 (11,0) (9,2)
1 null null
2 (1,10) (1,11)
3 (12,14) (14,14)
3 (14,14) (12,12)
3 null null
0 (6,6) (8,8)
0 (8,8) (10,8)
0 (10,8) (8,10)
0 null null
1 (10,1) (10,2)
2 (3,15) (2,15)
3 (13,13) (11,11)
3 null null
0 (10,9) (10,11)
0 (10,11) (12,11)
0 (12,11) (12,13)
0 (12,13) (14,15)
0 null null
1 (13,1) (11,1)
1 (11,1) (9,3)
1 (9,3) (9,1)
1 (9,1) (11,3)
1 (11,3) (9,1)
1 (9,1) (9,3)
1 null null
2 (4,13) (3,13)
3 (15,15) (13,15)
3 (13,15) (13,13)
3 null null
0 (0,0) (1,1)
1 (10,0) (9,1)
2 (2,14) (2,12)
2 (2,12) (2,14)
2 (2,14) (4,12)
2 (4,12) (2,14)
2 (2,14) (2,12)
2 (2,12) (4,14)
2 (4,14) (6,12)
2 null null
3 (14,13) (12,13)
3 (12,13) (12,11)
3 (12,11) (10,11)
3 (10,11) (10,9)
3 (10,9) (8,7)
3 (8,7) (6,5)
3 (6,5) (4,5)
3 (4,5) (4,3)
3 null null
0 (1,1) (3,3)
0 (3,3) (5,3)
0 (5,3) (3,5)
0 null null
1 (12,0) (11,1)
2 (5,13) (4,13)
3 (12,15) (14,13)
3 (14,13) (12,13)
3 (12,13) (12,11)
3 (12,11) (10,11)
3 (10,11) (10,9)
3 (10,9) (8,7)
3 (8,7) (6,5)
3 (6,5) (4,5)
3 (4,5) (2,5)
3 null null
0 (5,5) (6,6)
1 (14,0) (13,1)
2 (2,13) (1,12)
3 (13,14) (13,12)
3 (13,12) (11,12)
3 (11,12) (11,10)
3 (11,10) (9,10)
3 (9,10) (7,10)
3 null null
0 (6,6) (8,8)
0 (8,8) (10,8)
0 null null
1 (14,1) (13,0)
2 (1,12) (1,13)
3 (4,6) (2,4)
3 null null
0 (3,5) (5,3)
0 (5,3) (3,3)
0 (3,3) (5,5)
0 null null
1 (9,1) (10,1)
2 (6,12) (7,13)
3 (7,10) (6,9)
0 (5,8) (7,10)
0 (7,10) (9,10)
0 (9,10) (11,10)
0 (11,10) (11,12)
0 (11,12) (13,12)
0 (13,12) (13,14)
0 null null
1 (13,2) (12,2)
2 (7,13) (8,14)
3 (9,9) (8,8)
0 (5,6) (5,8)
0 (5,8) (7,10)
0 (7,10) (9,10)
0 (9,10) (11,10)
0 (11,10) (11,12)
0 (11,12) (13,12)
0 null null
1 (10,1) (10,0)
2 (1,13) (1,12)
3 (11,11) (9,9)
3 null null
0 (5,5) (6,6)
1 (10,0) (9,1)
2 (0,12) (0,10)
2 null null
3 (9,8) (9,10)
3 (9,10) (7,10)
3 (7,10) (5,8)
3 (5,8) (5,6)
3 null null
0 (7,6) (7,8)
0 (7,8) (9,8)
0 (9,8) (9,10)
0 (9,10) (11,10)
0 null null
1 (12,1) (12,3)
1 null null
2 (1,12) (0,13)
3 (13,13) (11,11)
3 (11,11) (11,9)
3 (11,9) (9,11)
3 (9,11) (7,9)
3 (7,9) (5,9)
3 null null
0 (11,10) (12,11)
1 (9,1) (8,0)
2 (3,13) (2,12)
3 (6,9) (5,8)
0 (12,11) (14,13)
0 null null
1 (9,2) (11,2)
1 (11,2) (11,0)
1 null null
2 (4,15) (4,14)
3 (12,12) (11,11)
0 (10,10) (12,12)
0 (12,12) (14,12)
0 (14,12) (14,14)
0 null null
1 (12,3) (12,4)
2 (4,13) (4,12)
3 (11,11) (10,10)
0 (13,12) (15,14)
0 null null
1 (15,1) (14,2)
2 (8,14) (8,15)
3 (2,4) (1,3)
0 (2,2) (3,3)
1 (11,1) (10,0)
2 (4,14) (3,14)
3 (4,4) (4,2)
3 (4,2) (2,4)
3 (2,4) (2,2)
3 (2,2) (2,0)
3 null null
0 (14,14) (15,15)
1 (12,2) (11,3)
2 (1,11) (1,12)
3 (15,12) (14,11)
0 (0,3) (1,4)
1 (9,3) (10,4)
2 (0,11) (1,10)
3 (14,11) (13,10)
0 (1,4) (3,2)
0 (3,2) (5,4)
0 null null
1 (15,2) (15,1)
2 (4,12) (3,13)
3 (13,10) (12,9)
0 (3,3) (5,3)
0 (5,3) (5,5)
0 null null
1 (10,2) (10,3)
2 (1,12) (2,11)
3 (12,9) (11,8)
0 (5,4) (6,5)
1 (13,1) (14,0)
2 (3,13) (4,12)
3 (11,8) (9,8)
3 (9,8) (7,8)
3 (7,8) (7,6)
3 (7,6) (5,4)
3 (5,4) (3,2)
3 (3,2) (1,0)
3 null null
0 (6,5) (4,5)
0 (4,5) (6,7)
0 (6,7) (8,7)
0 (8,7) (10,7)
0 (10,7) (10,9)
0 (10,9) (10,11)
0 null null
1 (10,3) (10,2)
2 (2,11) (3,11)
3 (5,6) (5,4)
3 (5,4) (3,2)
3 (3,2) (1,4)
3 (1,4) (1,2)
3 null null
0 (10,11) (11,12)
1 (15,1) (15,2)
2 (3,11) (4,10)
3 (5,8) (5,6)
3 (5,6) (5,4)
3 (5,4) (3,2)
3 null null
0 (5,7) (6,8)
1 (15,3) (14,4)
2 (8,15) (9,15)
3 (2,3) (0,1)
3 null null
0 (6,8) (7,9)
1 (14,0) (15,0)
2 (4,10) (5,10)
3 (1,3) (1,1)
3 null null
0 (7,9) (9,11)
0 (9,11) (11,9)
0 null null
1 (15,0) (14,1)
2 (2,12) (2,13)
3 (2,0) (0,0)
3 null null
0 (10,8) (12,10)
0 null null
1 (10,4) (11,4)
2 (0,10) (0,9)
3 (2,5) (1,4)
0 (11,9) (13,11)
0 null null
1 (9,0) (8,1)
2 (0,13) (1,13)
3 (1,4) (0,3)
0 (12,10) (14,12)
0 (14,12) (14,14)
0 null null
1 (14,4) (13,5)
2 (5,10) (4,10)
3 (9,7) (8,6)
0 (11,12) (12,13)
1 (8,0) (8,2)
1 (8,2) (8,0)
1 null null
2 (4,12) (5,13)
3 (8,6) (7,5)
0 (8,10) (9,11)
1 (8,1) (9,0)
2 (0,9) (1,9)
3 (7,5) (6,4)
0 (9,11) (10,12)
1 (10,2) (10,3)
2 (2,15) (0,13)
2 (0,13) (2,15)
2 (2,15) (4,13)
2 (4,13) (6,13)
2 (6,13) (4,13)
2 (4,13) (6,13)
2 null null
3 (6,4) (5,3)
0 (10,12) (11,13)
1 (11,0) (11,1)
2 (1,9) (2,8)
3 (5,3) (3,3)
3 (3,3) (3,1)
3 null null
0 (11,13) (13,13)
0 (13,13) (13,15)
0 null null
1 (14,2) (15,3)
2 (2,8) (2,9)
3 (3,1) (2,0)
0 (13,11) (14,12)
1 (11,3) (11,5)
1 null null
2 (1,10) (2,10)
3 (5,9) (4,8)
0 (14,12) (15,13)
1 (14,1) (14,2)
2 (2,10) (3,10)
3 (4,8) (3,7)
0 (5,5) (6,5)
1 (10,3) (11,2)
2 (2,13) (4,15)
2 (4,15) (2,13)
2 (2,13) (4,15)
2 (4,15) (2,13)
2 (2,13) (0,13)
2 null null
3 (3,7) (2,6)
0 (6,5) (6,7)
0 (6,7) (8,7)
0 (8,7) (8,9)
0 (8,9) (10,9)
0 (10,9) (10,11)
0 null null
1 (11,1) (12,1)
2 (5,13) (5,14)
3 (2,6) (1,5)
0 (10,11) (11,12)
1 (15,2) (15,4)
1 (15,4) (15,2)
1 (15,2) (13,2)
1 null null
2 (3,14) (4,13)
3 (1,5) (0,4)
0 (6,6) (7,6)
1 (12,4) (10,6)
1 null null
2 (4,10) (5,11)
3 (8,8) (6,6)
3 null null
0 (7,7) (8,8)
1 (15,3) (15,4)
2 (1,13) (0,12)
3 (9,9) (7,7)
3 (7,7) (5,5)
3 null null
0 (8,8) (9,9)
1 (11,2) (12,3)
2 (5,14) (5,15)
3 (6,6) (4,4)
3 (4,4) (4,2)
3 (4,2) (2,2)
3 (2,2) (0,2)
3 null null
0 (9,9) (11,11)
0 (11,11) (11,13)
0 (11,13) (13,13)
0 null null
1 (9,0) (10,1)
2 (4,13) (3,13)
3 (5,5) (4,4)
0 (7,6) (8,7)
1 (11,4) (11,3)
2 (1,15) (2,15)
3 (4,4) (4,2)
3 (4,2) (2,2)
3 null null
0 (8,7) (9,8)
1 (12,3) (13,3)
2 (9,15) (10,15)
3 (10,10) (9,9)
0 (9,8) (10,9)
1 (11,5) (12,5)
2 (6,13) (5,14)
3 (9,9) (8,8)
0 (10,9) (11,10)
1 (8,0) (7,1)
2 (10,15) (10,14)
3 (8,8) (7,7)
0 (11,10) (12,11)
1 (15,4) (14,5)
2 (0,13) (0,11)
2 (0,11) (0,13)
2 (0,13) (0,11)
2 null null
3 (7,7) (6,6)
0 (12,11) (13,12)
1 (13,5) (11,5)
1 null null
2 (0,15) (0,13)
2 null null
3 (6,6) (5,5)
0 (2,1) (2,3)
0 null null
1 (14,2) (15,3)
2 (2,9) (1,8)
3 (4,3) (2,1)
3 null null
0 (2,3) (3,4)
1 (10,0) (9,0)
2 (10,14) (9,15)
3 (5,5) (4,4)
0 (3,4) (4,5)
1 (13,0) (11,2)
1 null null
2 (3,10) (2,10)
3 (4,4) (3,3)
0 (4,5) (5,6)
1 (11,5) (12,4)
2 (2,10) (3,11)
3 (3,2) (3,1)
0 (5,6) (6,7)
1 (10,1) (11,0)
2 (0,12) (1,12)
3 (3,1) (3,0)
0 (6,7) (7,8)
1 (10,6) (9,6)
2 (3,13) (3,14)
3 (3,3) (3,2)
0 (7,8) (8,9)
1 (11,0) (11,1)
2 (2,15) (1,15)
3 (3,2) (3,1)
0 (8,9) (9,10)
1 (9,0) (10,0)
2 (3,11) (2,10)
3 (0,4) (1,3)
0 (9,10) (10,11)
1 (15,3) (15,2)
2 (2,10) (3,9)
3 null null
0 (10,11) (11,11)
1 (12,5) (11,5)
2 (1,12) (2,11)
3 null null
0 (11,11) (12,12)
1 (12,1) (10,3)
1 null null
2 (5,14) (6,15)
3 null null
0 (13,12) (14,12)
1 (11,5) (12,6)
2 (2,11) (3,11)
3 null null
0 (11,12) (13,12)
0 (13,12) (15,12)
0 null null
1 (7,1) (6,2)
2 (5,15) (5,14)
3 null null
0 (12,12) (13,12)
1 (11,1) (12,1)
2 (1,14) (0,15)
3 null null
0 (12,13) (12,14)
1 (12,4) (12,5)
2 (3,11) (2,11)
3 null null
0 (12,14) (12,15)
1 (11,2) (13,0)
1 (13,0) (11,2)
1 (11,2) (11,4)
1 (11,4) (13,6)
1 (13,6) (15,4)
1 null null
2 (5,14) (4,13)
3 null null
0 (13,12) (14,11)
1 (12,1) (11,2)
2 (9,15) (10,15)
3 null null
0 (14,11) (15,11)
1 (12,5) (11,5)
2 (1,8) (2,9)
3 null null
0 (13,13) (12,14)
1 (13,3) (12,4)
2 (10,15) (9,15)
3 null null
0 (15,11) (13,13)
GAMEOVER 
WINNER Player-0
# Game ended: Sun Apr 06 18:13:58 EDT 2014
