# Server version 0.08 running on 192.168.1.104:8123
# Game ID: 62
# Board class: halma.CCBoard
# Timeout: 300000
# Date: Tue Apr 01 20:46:45 EDT 2014
# Player 1: Player-0, 'random', running on 192.168.1.104
# Player 2: Player-1, 'random', running on 192.168.1.104
# Player 3: Player-2, 'random', running on 192.168.1.104
# Player 4: Player-3, '260469756', running on localhost
START Player-0 random
START Player-1 random
START Player-2 random
START Player-3 260469756
0 (2,0) (4,0)
0 (4,0) (2,0)
0 (2,0) (4,0)
0 null null
1 (13,1) (11,1)
1 null null
2 (3,14) (4,14)
GAMEOVER USER CANCEL
UNDECIDED
# Game ended: Tue Apr 01 20:48:19 EDT 2014
